AWSMobileHelper/build/intermediates/manifest_merge_blame_file/debug/manifest-merger-blame-debug-report.txt
1<?xml version="1.0" encoding="utf-8"?>
2<!--
3 Copyright 2017 Amazon.com, Inc. or its affiliates (Amazon). All Rights Reserved.
4
5 Code generated by AWS Mobile Hub. Amazon gives unlimited permission to
6 copy, distribute and modify it.
7
8 Source code generated from template: aws-my-sample-app-android v0.18
9-->
10<manifest xmlns:android="http://schemas.android.com/apk/res/android"
11    package="com.amazonaws.mobilehelper"
12    android:versionCode="1"
13    android:versionName="1.0" >
14
15    <uses-sdk
16        android:minSdkVersion="15"
16-->src\main\AndroidManifest.xml
17        android:targetSdkVersion="24" />
17-->src\main\AndroidManifest.xml
18
19    <application
19-->src\main\AndroidManifest.xml:14:5-17:19
20        android:allowBackup="true"
20-->src\main\AndroidManifest.xml:14:18-44
21        android:supportsRtl="true" >
21-->src\main\AndroidManifest.xml:15:18-44
22    </application>
23
24</manifest>